table of score with masking enc-enc attention head
rows are transformer layer number and columns are head number
       0      1      2      3
0  28.59  28.57  28.59  28.60
1  28.50  28.52  28.52  28.50
2  28.21  28.18  28.17  28.18
3  28.28  28.21  28.26  28.32
table of score with masking enc-dec attention head
rows are transformer layer number and columns are head number
       0      1      2      3
0  27.49  27.48  27.44  27.52
1  28.38  28.44  28.42  28.51
2  28.12  28.20  28.04  28.23
3  26.85  26.97  26.88  27.11
table of score with masking dec-dec attention head
rows are transformer layer number and columns are head number
       0      1      2      3
0  28.70  28.66  28.70  28.72
1  28.53  28.60  28.61  28.65
2  28.73  28.70  28.69  28.75
3  28.62  28.69  28.69  28.71

